TN:
SF:src\polyfills.ts
FNF:0
FNH:0
LF:0
LH:0
BRF:0
BRH:0
end_of_record
TN:
SF:src\test.ts
FNF:0
FNH:0
DA:13,1
DA:18,1
DA:20,1
LF:3
LH:3
BRF:0
BRH:0
end_of_record
TN:
SF:src\app\app.component.ts
FN:9,(anonymous_0)
FNF:1
FNH:0
FNDA:0,(anonymous_0)
DA:8,1
LF:1
LH:1
BRF:0
BRH:0
end_of_record
TN:
SF:src\app\components\login\login.component.ts
FN:20,(anonymous_0)
FN:27,(anonymous_1)
FN:34,(anonymous_2)
FN:36,(anonymous_3)
FN:40,(anonymous_4)
FNF:5
FNH:3
FNDA:2,(anonymous_0)
FNDA:2,(anonymous_1)
FNDA:1,(anonymous_2)
FNDA:0,(anonymous_3)
FNDA:0,(anonymous_4)
DA:14,1
DA:17,2
DA:18,2
DA:21,2
DA:22,2
DA:23,2
DA:24,2
DA:28,2
DA:35,1
DA:37,0
DA:38,0
DA:41,0
LF:12
LH:9
BRF:0
BRH:0
end_of_record
TN:
SF:src\app\components\payments\fetch-payments.component.ts
FN:35,(anonymous_0)
FN:40,(anonymous_1)
FN:44,(anonymous_2)
FN:45,(anonymous_3)
FN:52,(anonymous_4)
FN:56,(anonymous_5)
FN:67,(anonymous_6)
FN:72,(anonymous_7)
FN:77,(anonymous_8)
FN:82,(anonymous_9)
FN:86,(anonymous_10)
FN:92,(anonymous_11)
FN:103,(anonymous_12)
FNF:13
FNH:12
FNDA:9,(anonymous_0)
FNDA:9,(anonymous_1)
FNDA:14,(anonymous_2)
FNDA:14,(anonymous_3)
FNDA:1,(anonymous_4)
FNDA:4,(anonymous_5)
FNDA:4,(anonymous_6)
FNDA:1,(anonymous_7)
FNDA:1,(anonymous_8)
FNDA:1,(anonymous_9)
FNDA:2,(anonymous_10)
FNDA:1,(anonymous_11)
FNDA:0,(anonymous_12)
DA:17,1
DA:21,9
DA:22,9
DA:23,9
DA:24,9
DA:25,9
DA:26,9
DA:36,9
DA:37,9
DA:41,9
DA:45,14
DA:46,14
DA:47,14
DA:48,14
DA:53,1
DA:57,4
DA:67,4
DA:68,4
DA:73,1
DA:74,1
DA:78,1
DA:79,1
DA:83,1
DA:87,2
DA:93,1
DA:103,1
DA:104,0
DA:105,0
DA:106,0
LF:29
LH:26
BRDA:88,0,0,1
BRDA:88,0,1,1
BRF:2
BRH:2
end_of_record
TN:
SF:src\app\components\payments\add-insert-payments\add-insert-payments.component.ts
FN:30,(anonymous_0)
FN:37,(anonymous_1)
FN:43,(anonymous_2)
FN:55,(anonymous_3)
FN:56,(anonymous_4)
FN:70,(anonymous_5)
FN:71,(anonymous_6)
FN:76,(anonymous_7)
FN:77,(anonymous_8)
FN:82,(anonymous_9)
FN:86,(anonymous_10)
FNF:11
FNH:9
FNDA:8,(anonymous_0)
FNDA:8,(anonymous_1)
FNDA:17,(anonymous_2)
FNDA:1,(anonymous_3)
FNDA:1,(anonymous_4)
FNDA:1,(anonymous_5)
FNDA:0,(anonymous_6)
FNDA:1,(anonymous_7)
FNDA:0,(anonymous_8)
FNDA:9,(anonymous_9)
FNDA:2,(anonymous_10)
DA:15,1
DA:16,8
DA:17,8
DA:18,8
DA:19,8
DA:31,8
DA:32,8
DA:33,8
DA:34,8
DA:38,8
DA:39,8
DA:40,8
DA:44,17
DA:56,1
DA:57,1
DA:58,1
DA:71,1
DA:72,0
DA:77,1
DA:78,0
DA:83,9
DA:87,2
DA:88,2
LF:23
LH:21
BRDA:39,0,0,0
BRDA:39,0,1,8
BRDA:83,1,0,1
BRDA:83,1,1,8
BRDA:87,2,0,1
BRDA:87,2,1,1
BRF:6
BRH:5
end_of_record
TN:
SF:src\app\components\payments\delete-payments\delete-payments.component.ts
FN:27,(anonymous_0)
FN:33,(anonymous_1)
FN:37,(anonymous_2)
FN:38,(anonymous_3)
FN:43,(anonymous_4)
FN:44,(anonymous_5)
FNF:6
FNH:4
FNDA:2,(anonymous_0)
FNDA:2,(anonymous_1)
FNDA:2,(anonymous_2)
FNDA:0,(anonymous_3)
FNDA:1,(anonymous_4)
FNDA:0,(anonymous_5)
DA:14,1
DA:15,2
DA:16,2
DA:28,2
DA:29,2
DA:30,2
DA:34,2
DA:38,2
DA:39,0
DA:44,1
DA:45,0
LF:11
LH:9
BRF:0
BRH:0
end_of_record
TN:
SF:src\app\core\auth\auth.service.ts
FN:15,(anonymous_0)
FN:20,(anonymous_1)
FN:25,(anonymous_2)
FN:31,(anonymous_3)
FN:43,(anonymous_4)
FN:49,(anonymous_5)
FN:53,(anonymous_6)
FNF:7
FNH:7
FNDA:8,(anonymous_0)
FNDA:2,(anonymous_1)
FNDA:1,(anonymous_2)
FNDA:4,(anonymous_3)
FNDA:2,(anonymous_4)
FNDA:2,(anonymous_5)
FNDA:1,(anonymous_6)
DA:13,1
DA:14,8
DA:16,8
DA:17,8
DA:21,2
DA:22,2
DA:26,1
DA:27,1
DA:28,1
DA:38,4
DA:44,2
DA:45,1
DA:47,1
DA:49,2
DA:54,1
DA:55,1
LF:16
LH:16
BRDA:44,0,0,1
BRDA:44,0,1,1
BRF:2
BRH:2
end_of_record
TN:
SF:src\app\services\paymentService\payment.service.ts
FN:13,(anonymous_0)
FN:17,(anonymous_1)
FN:21,(anonymous_2)
FN:25,(anonymous_3)
FN:29,(anonymous_4)
FN:33,(anonymous_5)
FNF:6
FNH:6
FNDA:8,(anonymous_0)
FNDA:1,(anonymous_1)
FNDA:3,(anonymous_2)
FNDA:1,(anonymous_3)
FNDA:2,(anonymous_4)
FNDA:1,(anonymous_5)
DA:10,1
DA:11,8
DA:14,8
DA:18,1
DA:22,3
DA:26,1
DA:30,2
DA:34,1
LF:8
LH:8
BRF:0
BRH:0
end_of_record
TN:
SF:src\app\shared\header\header.component.ts
FN:9,(anonymous_0)
FN:11,(anonymous_1)
FNF:2
FNH:2
FNDA:10,(anonymous_0)
FNDA:10,(anonymous_1)
DA:8,1
LF:1
LH:1
BRF:0
BRH:0
end_of_record
TN:
SF:src\app\shared\header\header.module.ts
FNF:0
FNH:0
DA:18,1
LF:1
LH:1
BRF:0
BRH:0
end_of_record
TN:
SF:src\environments\environment.ts
FNF:0
FNH:0
DA:5,1
LF:1
LH:1
BRF:0
BRH:0
end_of_record
